<?xml version="1.0" encoding="UTF-8"?>
<testsuite xmlns:xsi="http://www.w3.org/2001/XMLSchema-instance" xsi:noNamespaceSchemaLocation="https://maven.apache.org/surefire/maven-surefire-plugin/xsd/surefire-test-report.xsd" name="com.cr.coffee.RestaurantSpecificationTest" time="13.721" tests="1" errors="1" skipped="0" failures="0">
  <properties>
[...]
</properties>
  <testcase name="givenCityReturnsListOfRestaurants" classname="com.cr.coffee.RestaurantSpecificationTest" time="0.444">
    <error message="Unable to locate Attribute  with the the given name [zipCode] on this ManagedType [com.cr.coffee.models.restaurant.RestaurantModel]; nested exception is java.lang.IllegalArgumentException: Unable to locate Attribute  with the the given name [zipCode] on this ManagedType [com.cr.coffee.models.restaurant.RestaurantModel]" type="org.springframework.dao.InvalidDataAccessApiUsageException">org.springframework.dao.InvalidDataAccessApiUsageException: Unable to locate Attribute  with the the given name [zipCode] on this ManagedType [com.cr.coffee.models.restaurant.RestaurantModel]; nested exception is java.lang.IllegalArgumentException: Unable to locate Attribute  with the the given name [zipCode] on this ManagedType [com.cr.coffee.models.restaurant.RestaurantModel]
	at com.cr.coffee.RestaurantSpecificationTest.givenCityReturnsListOfRestaurants(RestaurantSpecificationTest.java:69)
Caused by: java.lang.IllegalArgumentException: Unable to locate Attribute  with the the given name [zipCode] on this ManagedType [com.cr.coffee.models.restaurant.RestaurantModel]
	at com.cr.coffee.RestaurantSpecificationTest.givenCityReturnsListOfRestaurants(RestaurantSpecificationTest.java:69)
</error>
    <system-out><![CDATA[18:39:22.403 [main] DEBUG org.springframework.test.context.junit4.SpringJUnit4ClassRunner - SpringJUnit4ClassRunner constructor called with [class com.cr.coffee.RestaurantSpecificationTest]
18:39:22.416 [main] DEBUG org.springframework.test.context.BootstrapUtils - Instantiating CacheAwareContextLoaderDelegate from class [org.springframework.test.context.cache.DefaultCacheAwareContextLoaderDelegate]
18:39:22.435 [main] DEBUG org.springframework.test.context.BootstrapUtils - Instantiating BootstrapContext using constructor [public org.springframework.test.context.support.DefaultBootstrapContext(java.lang.Class,org.springframework.test.context.CacheAwareContextLoaderDelegate)]
18:39:22.506 [main] DEBUG org.springframework.test.context.BootstrapUtils - Instantiating TestContextBootstrapper for test class [com.cr.coffee.RestaurantSpecificationTest] from class [org.springframework.boot.test.context.SpringBootTestContextBootstrapper]
18:39:22.562 [main] INFO org.springframework.boot.test.context.SpringBootTestContextBootstrapper - Neither @ContextConfiguration nor @ContextHierarchy found for test class [com.cr.coffee.RestaurantSpecificationTest], using SpringBootContextLoader
18:39:22.583 [main] DEBUG org.springframework.test.context.support.AbstractContextLoader - Did not detect default resource location for test class [com.cr.coffee.RestaurantSpecificationTest]: class path resource [com/cr/coffee/RestaurantSpecificationTest-context.xml] does not exist
18:39:22.585 [main] DEBUG org.springframework.test.context.support.AbstractContextLoader - Did not detect default resource location for test class [com.cr.coffee.RestaurantSpecificationTest]: class path resource [com/cr/coffee/RestaurantSpecificationTestContext.groovy] does not exist
18:39:22.585 [main] INFO org.springframework.test.context.support.AbstractContextLoader - Could not detect default resource locations for test class [com.cr.coffee.RestaurantSpecificationTest]: no resource found for suffixes {-context.xml, Context.groovy}.
18:39:22.622 [main] INFO org.springframework.test.context.support.AnnotationConfigContextLoaderUtils - Could not detect default configuration classes for test class [com.cr.coffee.RestaurantSpecificationTest]: RestaurantSpecificationTest does not declare any static, non-private, non-final, nested classes annotated with @Configuration.
18:39:22.889 [main] DEBUG org.springframework.test.context.support.ActiveProfilesUtils - Could not find an 'annotation declaring class' for annotation type [org.springframework.test.context.ActiveProfiles] and class [com.cr.coffee.RestaurantSpecificationTest]
18:39:23.118 [main] DEBUG org.springframework.context.annotation.ClassPathScanningCandidateComponentProvider - Identified candidate component class: file [/Users/chris_power/Documents/JavaLernen/coffeeApp/target/classes/com/cr/coffee/CoffeeApplication.class]
18:39:23.122 [main] INFO org.springframework.boot.test.context.SpringBootTestContextBootstrapper - Found @SpringBootConfiguration com.cr.coffee.CoffeeApplication for test class com.cr.coffee.RestaurantSpecificationTest
18:39:23.358 [main] DEBUG org.springframework.boot.test.context.SpringBootTestContextBootstrapper - @TestExecutionListeners is not present for class [com.cr.coffee.RestaurantSpecificationTest]: using defaults.
18:39:23.359 [main] INFO org.springframework.boot.test.context.SpringBootTestContextBootstrapper - Loaded default TestExecutionListener class names from location [META-INF/spring.factories]: [org.springframework.boot.test.mock.mockito.MockitoTestExecutionListener, org.springframework.boot.test.mock.mockito.ResetMocksTestExecutionListener, org.springframework.boot.test.autoconfigure.restdocs.RestDocsTestExecutionListener, org.springframework.boot.test.autoconfigure.web.client.MockRestServiceServerResetTestExecutionListener, org.springframework.boot.test.autoconfigure.web.servlet.MockMvcPrintOnlyOnFailureTestExecutionListener, org.springframework.boot.test.autoconfigure.web.servlet.WebDriverTestExecutionListener, org.springframework.test.context.web.ServletTestExecutionListener, org.springframework.test.context.support.DirtiesContextBeforeModesTestExecutionListener, org.springframework.test.context.support.DependencyInjectionTestExecutionListener, org.springframework.test.context.support.DirtiesContextTestExecutionListener, org.springframework.test.context.transaction.TransactionalTestExecutionListener, org.springframework.test.context.jdbc.SqlScriptsTestExecutionListener]
18:39:23.391 [main] INFO org.springframework.boot.test.context.SpringBootTestContextBootstrapper - Using TestExecutionListeners: [org.springframework.test.context.web.ServletTestExecutionListener@3eb77ea8, org.springframework.test.context.support.DirtiesContextBeforeModesTestExecutionListener@7b8b43c7, org.springframework.boot.test.mock.mockito.MockitoTestExecutionListener@7aaca91a, org.springframework.boot.test.autoconfigure.SpringBootDependencyInjectionTestExecutionListener@44c73c26, org.springframework.test.context.support.DirtiesContextTestExecutionListener@41005828, org.springframework.test.context.transaction.TransactionalTestExecutionListener@60b4beb4, org.springframework.test.context.jdbc.SqlScriptsTestExecutionListener@7fcf2fc1, org.springframework.boot.test.mock.mockito.ResetMocksTestExecutionListener@2141a12, org.springframework.boot.test.autoconfigure.restdocs.RestDocsTestExecutionListener@4196c360, org.springframework.boot.test.autoconfigure.web.client.MockRestServiceServerResetTestExecutionListener@41294f8, org.springframework.boot.test.autoconfigure.web.servlet.MockMvcPrintOnlyOnFailureTestExecutionListener@225129c, org.springframework.boot.test.autoconfigure.web.servlet.WebDriverTestExecutionListener@20435c40]
18:39:23.395 [main] DEBUG org.springframework.test.annotation.ProfileValueUtils - Retrieved @ProfileValueSourceConfiguration [null] for test class [com.cr.coffee.RestaurantSpecificationTest]
18:39:23.402 [main] DEBUG org.springframework.test.annotation.ProfileValueUtils - Retrieved ProfileValueSource type [class org.springframework.test.annotation.SystemProfileValueSource] for class [com.cr.coffee.RestaurantSpecificationTest]
18:39:23.404 [main] DEBUG org.springframework.test.annotation.ProfileValueUtils - Retrieved @ProfileValueSourceConfiguration [null] for test class [com.cr.coffee.RestaurantSpecificationTest]
18:39:23.404 [main] DEBUG org.springframework.test.annotation.ProfileValueUtils - Retrieved ProfileValueSource type [class org.springframework.test.annotation.SystemProfileValueSource] for class [com.cr.coffee.RestaurantSpecificationTest]
18:39:23.407 [main] DEBUG org.springframework.test.annotation.ProfileValueUtils - Retrieved @ProfileValueSourceConfiguration [null] for test class [com.cr.coffee.RestaurantSpecificationTest]
18:39:23.407 [main] DEBUG org.springframework.test.annotation.ProfileValueUtils - Retrieved ProfileValueSource type [class org.springframework.test.annotation.SystemProfileValueSource] for class [com.cr.coffee.RestaurantSpecificationTest]
18:39:23.418 [main] DEBUG org.springframework.test.context.support.AbstractDirtiesContextTestExecutionListener - Before test class: context [DefaultTestContext@45a37759 testClass = RestaurantSpecificationTest, testInstance = [null], testMethod = [null], testException = [null], mergedContextConfiguration = [WebMergedContextConfiguration@63611043 testClass = RestaurantSpecificationTest, locations = '{}', classes = '{class com.cr.coffee.CoffeeApplication}', contextInitializerClasses = '[]', activeProfiles = '{}', propertySourceLocations = '{}', propertySourceProperties = '{org.springframework.boot.test.context.SpringBootTestContextBootstrapper=true}', contextCustomizers = set[org.springframework.boot.test.context.filter.ExcludeFilterContextCustomizer@4cc8eb05, org.springframework.boot.test.json.DuplicateJsonObjectContextCustomizerFactory$DuplicateJsonObjectContextCustomizer@1f97cf0d, org.springframework.boot.test.mock.mockito.MockitoContextCustomizer@0, org.springframework.boot.test.web.client.TestRestTemplateContextCustomizer@3738449f, org.springframework.boot.test.autoconfigure.properties.PropertyMappingContextCustomizer@0, org.springframework.boot.test.autoconfigure.web.servlet.WebDriverContextCustomizerFactory$Customizer@693fe6c9], resourceBasePath = 'src/main/webapp', contextLoader = 'org.springframework.boot.test.context.SpringBootContextLoader', parent = [null]], attributes = map['org.springframework.test.context.web.ServletTestExecutionListener.activateListener' -> true]], class annotated with @DirtiesContext [false] with mode [null].
18:39:23.433 [main] DEBUG org.springframework.test.annotation.ProfileValueUtils - Retrieved @ProfileValueSourceConfiguration [null] for test class [com.cr.coffee.RestaurantSpecificationTest]
18:39:23.433 [main] DEBUG org.springframework.test.annotation.ProfileValueUtils - Retrieved ProfileValueSource type [class org.springframework.test.annotation.SystemProfileValueSource] for class [com.cr.coffee.RestaurantSpecificationTest]
18:39:23.496 [main] DEBUG org.springframework.test.context.support.TestPropertySourceUtils - Adding inlined properties to environment: {spring.jmx.enabled=false, org.springframework.boot.test.context.SpringBootTestContextBootstrapper=true, server.port=-1}

  .   ____          _            __ _ _
 /\\ / ___'_ __ _ _(_)_ __  __ _ \ \ \ \
( ( )\___ | '_ | '_| | '_ \/ _` | \ \ \ \
 \\/  ___)| |_)| | | | | || (_| |  ) ) ) )
  '  |____| .__|_| |_|_| |_\__, | / / / /
 =========|_|==============|___/=/_/_/_/
 :: Spring Boot ::        (v2.1.5.RELEASE)

2019-08-20 18:39:24.481  INFO 97348 --- [           main] c.cr.coffee.RestaurantSpecificationTest  : Starting RestaurantSpecificationTest on Christians-MacBook-Pro-2.local with PID 97348 (started by chris_power in /Users/chris_power/Documents/JavaLernen/coffeeApp)
2019-08-20 18:39:24.486  INFO 97348 --- [           main] c.cr.coffee.RestaurantSpecificationTest  : No active profile set, falling back to default profiles: default
2019-08-20 18:39:26.034  INFO 97348 --- [           main] .s.d.r.c.RepositoryConfigurationDelegate : Bootstrapping Spring Data repositories in DEFAULT mode.
2019-08-20 18:39:26.321  INFO 97348 --- [           main] .s.d.r.c.RepositoryConfigurationDelegate : Finished Spring Data repository scanning in 251ms. Found 7 repository interfaces.
2019-08-20 18:39:27.944  INFO 97348 --- [           main] trationDelegate$BeanPostProcessorChecker : Bean 'org.springframework.transaction.annotation.ProxyTransactionManagementConfiguration' of type [org.springframework.transaction.annotation.ProxyTransactionManagementConfiguration$$EnhancerBySpringCGLIB$$3874e19e] is not eligible for getting processed by all BeanPostProcessors (for example: not eligible for auto-proxying)
2019-08-20 18:39:28.557  INFO 97348 --- [           main] com.zaxxer.hikari.HikariDataSource       : HikariPool-1 - Starting...
2019-08-20 18:39:29.058  INFO 97348 --- [           main] com.zaxxer.hikari.HikariDataSource       : HikariPool-1 - Start completed.
2019-08-20 18:39:29.281  INFO 97348 --- [           main] o.hibernate.jpa.internal.util.LogHelper  : HHH000204: Processing PersistenceUnitInfo [
	name: default
	...]
2019-08-20 18:39:29.460  INFO 97348 --- [           main] org.hibernate.Version                    : HHH000412: Hibernate Core {5.3.10.Final}
2019-08-20 18:39:29.462  INFO 97348 --- [           main] org.hibernate.cfg.Environment            : HHH000206: hibernate.properties not found
2019-08-20 18:39:29.811  INFO 97348 --- [           main] o.hibernate.annotations.common.Version   : HCANN000001: Hibernate Commons Annotations {5.0.4.Final}
2019-08-20 18:39:30.123  INFO 97348 --- [           main] org.hibernate.dialect.Dialect            : HHH000400: Using dialect: org.hibernate.dialect.MySQL5Dialect
2019-08-20 18:39:32.090  INFO 97348 --- [           main] j.LocalContainerEntityManagerFactoryBean : Initialized JPA EntityManagerFactory for persistence unit 'default'
2019-08-20 18:39:34.246  INFO 97348 --- [           main] o.s.s.concurrent.ThreadPoolTaskExecutor  : Initializing ExecutorService 'applicationTaskExecutor'
2019-08-20 18:39:34.360  WARN 97348 --- [           main] aWebConfiguration$JpaWebMvcConfiguration : spring.jpa.open-in-view is enabled by default. Therefore, database queries may be performed during view rendering. Explicitly configure spring.jpa.open-in-view to disable this warning
2019-08-20 18:39:35.119  INFO 97348 --- [           main] c.cr.coffee.RestaurantSpecificationTest  : Started RestaurantSpecificationTest in 11.546 seconds (JVM running for 14.159)
Hibernate: insert into restaurant (average_rating, name, number_of_ratings, phone, search_text) values (?, ?, ?, ?, ?)
Hibernate: insert into restaurant (average_rating, name, number_of_ratings, phone, search_text) values (?, ?, ?, ?, ?)
]]></system-out>
  </testcase>
</testsuite>