<?xml version="1.0" encoding="UTF-8"?>
<testsuite xmlns:xsi="http://www.w3.org/2001/XMLSchema-instance" xsi:noNamespaceSchemaLocation="https://maven.apache.org/surefire/maven-surefire-plugin/xsd/surefire-test-report.xsd" name="com.cr.coffee.CoffeeModelTest" time="13.725" tests="1" errors="0" skipped="0" failures="1">
  <properties>
[...]
</properties>
  <testcase name="givenCityReturnsListOfRestaurants" classname="com.cr.coffee.CoffeeModelTest" time="0.775">
    <failure message="&#10;Expected: one of {&lt;com.cr.coffee.models.RestaurantModel@69dc7b24&gt;, &lt;com.cr.coffee.models.RestaurantModel@50628080&gt;, &lt;com.cr.coffee.models.RestaurantModel@155318b5&gt;, &lt;com.cr.coffee.models.RestaurantModel@1add90e0&gt;, &lt;com.cr.coffee.models.RestaurantModel@7bf94e91&gt;, &lt;com.cr.coffee.models.RestaurantModel@3fdbb7ee&gt;, &lt;com.cr.coffee.models.RestaurantModel@32c08610&gt;, &lt;com.cr.coffee.models.RestaurantModel@44ec4a38&gt;, &lt;com.cr.coffee.models.RestaurantModel@755009f2&gt;, &lt;com.cr.coffee.models.RestaurantModel@1756a471&gt;, &lt;com.cr.coffee.models.RestaurantModel@2190508d&gt;, &lt;com.cr.coffee.models.RestaurantModel@70b630d&gt;, &lt;com.cr.coffee.models.RestaurantModel@72e1e587&gt;, &lt;com.cr.coffee.models.RestaurantModel@5036a286&gt;, &lt;com.cr.coffee.models.RestaurantModel@73818435&gt;, &lt;com.cr.coffee.models.RestaurantModel@37393dab&gt;, &lt;com.cr.coffee.models.RestaurantModel@4866a755&gt;}&#10;     but: was &lt;com.cr.coffee.models.RestaurantModel@4c0bfe9e&gt;" type="java.lang.AssertionError"><![CDATA[java.lang.AssertionError: 

Expected: one of {<com.cr.coffee.models.RestaurantModel@69dc7b24>, <com.cr.coffee.models.RestaurantModel@50628080>, <com.cr.coffee.models.RestaurantModel@155318b5>, <com.cr.coffee.models.RestaurantModel@1add90e0>, <com.cr.coffee.models.RestaurantModel@7bf94e91>, <com.cr.coffee.models.RestaurantModel@3fdbb7ee>, <com.cr.coffee.models.RestaurantModel@32c08610>, <com.cr.coffee.models.RestaurantModel@44ec4a38>, <com.cr.coffee.models.RestaurantModel@755009f2>, <com.cr.coffee.models.RestaurantModel@1756a471>, <com.cr.coffee.models.RestaurantModel@2190508d>, <com.cr.coffee.models.RestaurantModel@70b630d>, <com.cr.coffee.models.RestaurantModel@72e1e587>, <com.cr.coffee.models.RestaurantModel@5036a286>, <com.cr.coffee.models.RestaurantModel@73818435>, <com.cr.coffee.models.RestaurantModel@37393dab>, <com.cr.coffee.models.RestaurantModel@4866a755>}
     but: was <com.cr.coffee.models.RestaurantModel@4c0bfe9e>
	at com.cr.coffee.CoffeeModelTest.givenCityReturnsListOfRestaurants(CoffeeModelTest.java:67)
]]></failure>
    <system-out><![CDATA[16:49:15.868 [main] DEBUG org.springframework.test.context.junit4.SpringJUnit4ClassRunner - SpringJUnit4ClassRunner constructor called with [class com.cr.coffee.CoffeeModelTest]
16:49:15.877 [main] DEBUG org.springframework.test.context.BootstrapUtils - Instantiating CacheAwareContextLoaderDelegate from class [org.springframework.test.context.cache.DefaultCacheAwareContextLoaderDelegate]
16:49:15.891 [main] DEBUG org.springframework.test.context.BootstrapUtils - Instantiating BootstrapContext using constructor [public org.springframework.test.context.support.DefaultBootstrapContext(java.lang.Class,org.springframework.test.context.CacheAwareContextLoaderDelegate)]
16:49:15.924 [main] DEBUG org.springframework.test.context.BootstrapUtils - Instantiating TestContextBootstrapper for test class [com.cr.coffee.CoffeeModelTest] from class [org.springframework.boot.test.context.SpringBootTestContextBootstrapper]
16:49:15.945 [main] INFO org.springframework.boot.test.context.SpringBootTestContextBootstrapper - Neither @ContextConfiguration nor @ContextHierarchy found for test class [com.cr.coffee.CoffeeModelTest], using SpringBootContextLoader
16:49:15.954 [main] DEBUG org.springframework.test.context.support.AbstractContextLoader - Did not detect default resource location for test class [com.cr.coffee.CoffeeModelTest]: class path resource [com/cr/coffee/CoffeeModelTest-context.xml] does not exist
16:49:15.958 [main] DEBUG org.springframework.test.context.support.AbstractContextLoader - Did not detect default resource location for test class [com.cr.coffee.CoffeeModelTest]: class path resource [com/cr/coffee/CoffeeModelTestContext.groovy] does not exist
16:49:15.959 [main] INFO org.springframework.test.context.support.AbstractContextLoader - Could not detect default resource locations for test class [com.cr.coffee.CoffeeModelTest]: no resource found for suffixes {-context.xml, Context.groovy}.
16:49:15.961 [main] INFO org.springframework.test.context.support.AnnotationConfigContextLoaderUtils - Could not detect default configuration classes for test class [com.cr.coffee.CoffeeModelTest]: CoffeeModelTest does not declare any static, non-private, non-final, nested classes annotated with @Configuration.
16:49:16.050 [main] DEBUG org.springframework.test.context.support.ActiveProfilesUtils - Could not find an 'annotation declaring class' for annotation type [org.springframework.test.context.ActiveProfiles] and class [com.cr.coffee.CoffeeModelTest]
16:49:16.344 [main] DEBUG org.springframework.context.annotation.ClassPathScanningCandidateComponentProvider - Identified candidate component class: file [/Users/chris_power/Documents/JavaLernen/coffeeApp/target/classes/com/cr/coffee/CoffeeApplication.class]
16:49:16.346 [main] INFO org.springframework.boot.test.context.SpringBootTestContextBootstrapper - Found @SpringBootConfiguration com.cr.coffee.CoffeeApplication for test class com.cr.coffee.CoffeeModelTest
16:49:16.486 [main] DEBUG org.springframework.boot.test.context.SpringBootTestContextBootstrapper - @TestExecutionListeners is not present for class [com.cr.coffee.CoffeeModelTest]: using defaults.
16:49:16.487 [main] INFO org.springframework.boot.test.context.SpringBootTestContextBootstrapper - Loaded default TestExecutionListener class names from location [META-INF/spring.factories]: [org.springframework.boot.test.mock.mockito.MockitoTestExecutionListener, org.springframework.boot.test.mock.mockito.ResetMocksTestExecutionListener, org.springframework.boot.test.autoconfigure.restdocs.RestDocsTestExecutionListener, org.springframework.boot.test.autoconfigure.web.client.MockRestServiceServerResetTestExecutionListener, org.springframework.boot.test.autoconfigure.web.servlet.MockMvcPrintOnlyOnFailureTestExecutionListener, org.springframework.boot.test.autoconfigure.web.servlet.WebDriverTestExecutionListener, org.springframework.test.context.web.ServletTestExecutionListener, org.springframework.test.context.support.DirtiesContextBeforeModesTestExecutionListener, org.springframework.test.context.support.DependencyInjectionTestExecutionListener, org.springframework.test.context.support.DirtiesContextTestExecutionListener, org.springframework.test.context.transaction.TransactionalTestExecutionListener, org.springframework.test.context.jdbc.SqlScriptsTestExecutionListener]
16:49:16.515 [main] INFO org.springframework.boot.test.context.SpringBootTestContextBootstrapper - Using TestExecutionListeners: [org.springframework.test.context.web.ServletTestExecutionListener@9573584, org.springframework.test.context.support.DirtiesContextBeforeModesTestExecutionListener@3370f42, org.springframework.boot.test.mock.mockito.MockitoTestExecutionListener@6057aebb, org.springframework.boot.test.autoconfigure.SpringBootDependencyInjectionTestExecutionListener@63eef88a, org.springframework.test.context.support.DirtiesContextTestExecutionListener@53251a66, org.springframework.test.context.transaction.TransactionalTestExecutionListener@6853425f, org.springframework.test.context.jdbc.SqlScriptsTestExecutionListener@352c1b98, org.springframework.boot.test.mock.mockito.ResetMocksTestExecutionListener@21129f1f, org.springframework.boot.test.autoconfigure.restdocs.RestDocsTestExecutionListener@5a9f4771, org.springframework.boot.test.autoconfigure.web.client.MockRestServiceServerResetTestExecutionListener@282cb7c7, org.springframework.boot.test.autoconfigure.web.servlet.MockMvcPrintOnlyOnFailureTestExecutionListener@7d898981, org.springframework.boot.test.autoconfigure.web.servlet.WebDriverTestExecutionListener@48d61b48]
16:49:16.517 [main] DEBUG org.springframework.test.annotation.ProfileValueUtils - Retrieved @ProfileValueSourceConfiguration [null] for test class [com.cr.coffee.CoffeeModelTest]
16:49:16.518 [main] DEBUG org.springframework.test.annotation.ProfileValueUtils - Retrieved ProfileValueSource type [class org.springframework.test.annotation.SystemProfileValueSource] for class [com.cr.coffee.CoffeeModelTest]
16:49:16.520 [main] DEBUG org.springframework.test.annotation.ProfileValueUtils - Retrieved @ProfileValueSourceConfiguration [null] for test class [com.cr.coffee.CoffeeModelTest]
16:49:16.520 [main] DEBUG org.springframework.test.annotation.ProfileValueUtils - Retrieved ProfileValueSource type [class org.springframework.test.annotation.SystemProfileValueSource] for class [com.cr.coffee.CoffeeModelTest]
16:49:16.521 [main] DEBUG org.springframework.test.annotation.ProfileValueUtils - Retrieved @ProfileValueSourceConfiguration [null] for test class [com.cr.coffee.CoffeeModelTest]
16:49:16.521 [main] DEBUG org.springframework.test.annotation.ProfileValueUtils - Retrieved ProfileValueSource type [class org.springframework.test.annotation.SystemProfileValueSource] for class [com.cr.coffee.CoffeeModelTest]
16:49:16.527 [main] DEBUG org.springframework.test.context.support.AbstractDirtiesContextTestExecutionListener - Before test class: context [DefaultTestContext@59cba5a testClass = CoffeeModelTest, testInstance = [null], testMethod = [null], testException = [null], mergedContextConfiguration = [WebMergedContextConfiguration@1bd39d3c testClass = CoffeeModelTest, locations = '{}', classes = '{class com.cr.coffee.CoffeeApplication}', contextInitializerClasses = '[]', activeProfiles = '{}', propertySourceLocations = '{}', propertySourceProperties = '{org.springframework.boot.test.context.SpringBootTestContextBootstrapper=true}', contextCustomizers = set[org.springframework.boot.test.context.filter.ExcludeFilterContextCustomizer@1bb266b3, org.springframework.boot.test.json.DuplicateJsonObjectContextCustomizerFactory$DuplicateJsonObjectContextCustomizer@5136d012, org.springframework.boot.test.mock.mockito.MockitoContextCustomizer@0, org.springframework.boot.test.web.client.TestRestTemplateContextCustomizer@1f97cf0d, org.springframework.boot.test.autoconfigure.properties.PropertyMappingContextCustomizer@0, org.springframework.boot.test.autoconfigure.web.servlet.WebDriverContextCustomizerFactory$Customizer@5fd4f8f5], resourceBasePath = 'src/main/webapp', contextLoader = 'org.springframework.boot.test.context.SpringBootContextLoader', parent = [null]], attributes = map['org.springframework.test.context.web.ServletTestExecutionListener.activateListener' -> true]], class annotated with @DirtiesContext [false] with mode [null].
16:49:16.528 [main] DEBUG org.springframework.test.annotation.ProfileValueUtils - Retrieved @ProfileValueSourceConfiguration [null] for test class [com.cr.coffee.CoffeeModelTest]
16:49:16.528 [main] DEBUG org.springframework.test.annotation.ProfileValueUtils - Retrieved ProfileValueSource type [class org.springframework.test.annotation.SystemProfileValueSource] for class [com.cr.coffee.CoffeeModelTest]
16:49:16.596 [main] DEBUG org.springframework.test.context.support.TestPropertySourceUtils - Adding inlined properties to environment: {spring.jmx.enabled=false, org.springframework.boot.test.context.SpringBootTestContextBootstrapper=true, server.port=-1}

  .   ____          _            __ _ _
 /\\ / ___'_ __ _ _(_)_ __  __ _ \ \ \ \
( ( )\___ | '_ | '_| | '_ \/ _` | \ \ \ \
 \\/  ___)| |_)| | | | | || (_| |  ) ) ) )
  '  |____| .__|_| |_|_| |_\__, | / / / /
 =========|_|==============|___/=/_/_/_/
 :: Spring Boot ::        (v2.1.5.RELEASE)

2019-06-06 16:49:17.615  INFO 17139 --- [           main] com.cr.coffee.CoffeeModelTest            : Starting CoffeeModelTest on Christians-MacBook-Pro-2.local with PID 17139 (started by chris_power in /Users/chris_power/Documents/JavaLernen/coffeeApp)
2019-06-06 16:49:17.621  INFO 17139 --- [           main] com.cr.coffee.CoffeeModelTest            : No active profile set, falling back to default profiles: default
2019-06-06 16:49:19.140  INFO 17139 --- [           main] .s.d.r.c.RepositoryConfigurationDelegate : Bootstrapping Spring Data repositories in DEFAULT mode.
2019-06-06 16:49:19.322  INFO 17139 --- [           main] .s.d.r.c.RepositoryConfigurationDelegate : Finished Spring Data repository scanning in 163ms. Found 3 repository interfaces.
2019-06-06 16:49:20.874  INFO 17139 --- [           main] trationDelegate$BeanPostProcessorChecker : Bean 'org.springframework.transaction.annotation.ProxyTransactionManagementConfiguration' of type [org.springframework.transaction.annotation.ProxyTransactionManagementConfiguration$$EnhancerBySpringCGLIB$$ccd9b9db] is not eligible for getting processed by all BeanPostProcessors (for example: not eligible for auto-proxying)
2019-06-06 16:49:21.497  INFO 17139 --- [           main] com.zaxxer.hikari.HikariDataSource       : HikariPool-1 - Starting...
2019-06-06 16:49:22.037  INFO 17139 --- [           main] com.zaxxer.hikari.HikariDataSource       : HikariPool-1 - Start completed.
2019-06-06 16:49:22.266  INFO 17139 --- [           main] o.hibernate.jpa.internal.util.LogHelper  : HHH000204: Processing PersistenceUnitInfo [
	name: default
	...]
2019-06-06 16:49:22.491  INFO 17139 --- [           main] org.hibernate.Version                    : HHH000412: Hibernate Core {5.3.10.Final}
2019-06-06 16:49:22.496  INFO 17139 --- [           main] org.hibernate.cfg.Environment            : HHH000206: hibernate.properties not found
2019-06-06 16:49:22.941  INFO 17139 --- [           main] o.hibernate.annotations.common.Version   : HCANN000001: Hibernate Commons Annotations {5.0.4.Final}
2019-06-06 16:49:23.347  INFO 17139 --- [           main] org.hibernate.dialect.Dialect            : HHH000400: Using dialect: org.hibernate.dialect.MySQL5Dialect
2019-06-06 16:49:25.109  INFO 17139 --- [           main] j.LocalContainerEntityManagerFactoryBean : Initialized JPA EntityManagerFactory for persistence unit 'default'
2019-06-06 16:49:27.331  INFO 17139 --- [           main] o.s.s.concurrent.ThreadPoolTaskExecutor  : Initializing ExecutorService 'applicationTaskExecutor'
2019-06-06 16:49:27.478  WARN 17139 --- [           main] aWebConfiguration$JpaWebMvcConfiguration : spring.jpa.open-in-view is enabled by default. Therefore, database queries may be performed during view rendering. Explicitly configure spring.jpa.open-in-view to disable this warning
2019-06-06 16:49:28.322  INFO 17139 --- [           main] com.cr.coffee.CoffeeModelTest            : Started CoffeeModelTest in 11.7 seconds (JVM running for 13.714)
Hibernate: insert into restaurant (address, city, name, phone, zip_code, restaurant_id) values (?, ?, ?, ?, ?, ?)
Hibernate: insert into restaurant (address, city, name, phone, zip_code, restaurant_id) values (?, ?, ?, ?, ?, ?)
2019-06-06 16:49:28.799  INFO 17139 --- [           main] o.h.h.i.QueryTranslatorFactoryInitiator  : HHH000397: Using ASTQueryTranslatorFactory
Hibernate: select restaurant0_.restaurant_id as restaura1_1_, restaurant0_.address as address2_1_, restaurant0_.city as city3_1_, restaurant0_.name as name4_1_, restaurant0_.phone as phone5_1_, restaurant0_.zip_code as zip_code6_1_ from restaurant restaurant0_ where restaurant0_.city like ?
]]></system-out>
  </testcase>
</testsuite>